/*C12*/SET SCHEMA PUBLIC
drop table if exists pedido CASCADE 
drop table if exists pedido_completado CASCADE 
drop table if exists pedido_completado_pedidos CASCADE 
create table pedido (id integer generated by default as identity (start with 1), codigo_do_cliente integer, data_de_cadastro timestamp, nome varchar(255), numero_de_controle integer, quantidade integer, valor numeric(19,2), primary key (id))
create table pedido_completado (id integer generated by default as identity (start with 1), valor_total numeric(19,2), primary key (id))
create table pedido_completado_pedidos (pedido_completado_id integer not null, pedidos_id integer not null, primary key (pedido_completado_id, pedidos_id))
alter table pedido_completado_pedidos add constraint UK_fbijiqpa74rpnkcvf5a9fi1jx unique (pedidos_id)
alter table pedido_completado_pedidos add constraint FKfyxrcjd2q31xxie8eia7xmvse foreign key (pedidos_id) references pedido
alter table pedido_completado_pedidos add constraint FK2d7427xgs6mgue8sxevngc0on foreign key (pedido_completado_id) references pedido_completado
INSERT INTO PEDIDO VALUES(1,0,'2020-02-09 15:41:52.421000','Produto 0',0,1,1.00)
COMMIT
INSERT INTO PEDIDO VALUES(2,1,'2020-02-09 15:41:52.422000','Produto 1',1,1,2.00)
COMMIT
INSERT INTO PEDIDO VALUES(3,2,'2020-02-09 15:41:52.422000','Produto 2',2,1,3.00)
COMMIT
INSERT INTO PEDIDO VALUES(4,3,'2020-02-09 15:41:52.422000','Produto 3',3,1,4.00)
COMMIT
INSERT INTO PEDIDO VALUES(5,4,'2020-02-09 15:41:52.422000','Produto 4',4,1,5.00)
COMMIT
INSERT INTO PEDIDO VALUES(6,5,'2020-02-09 15:41:52.422000','Produto 5',5,1,6.00)
COMMIT
INSERT INTO PEDIDO_COMPLETADO VALUES(1,19.95)
INSERT INTO PEDIDO_COMPLETADO_PEDIDOS VALUES(1,5)
INSERT INTO PEDIDO_COMPLETADO_PEDIDOS VALUES(1,1)
INSERT INTO PEDIDO_COMPLETADO_PEDIDOS VALUES(1,2)
INSERT INTO PEDIDO_COMPLETADO_PEDIDOS VALUES(1,6)
INSERT INTO PEDIDO_COMPLETADO_PEDIDOS VALUES(1,4)
INSERT INTO PEDIDO_COMPLETADO_PEDIDOS VALUES(1,3)
COMMIT
drop table if exists pedido CASCADE 
drop table if exists pedido_completado CASCADE 
drop table if exists pedido_completado_pedidos CASCADE 
DISCONNECT
/*C13*/SET SCHEMA PUBLIC
DISCONNECT
/*C14*/SET SCHEMA PUBLIC
DISCONNECT
/*C15*/SET SCHEMA PUBLIC
DISCONNECT
/*C16*/SET SCHEMA PUBLIC
DISCONNECT
/*C17*/SET SCHEMA PUBLIC
DISCONNECT
/*C18*/SET SCHEMA PUBLIC
DISCONNECT
/*C19*/SET SCHEMA PUBLIC
DISCONNECT
/*C20*/SET SCHEMA PUBLIC
DISCONNECT
/*C21*/SET SCHEMA PUBLIC
DISCONNECT
